gyp info it worked if it ends with ok
gyp info using node-gyp@9.4.0
gyp info using node@20.6.1 | win32 | x64
gyp info find Python using Python version 3.11.5 found at "C:\Python311\python.exe"
gyp http GET https://nodejs.org/download/release/v20.6.1/node-v20.6.1-headers.tar.gz
gyp http 200 https://nodejs.org/download/release/v20.6.1/node-v20.6.1-headers.tar.gz
gyp http GET https://nodejs.org/download/release/v20.6.1/SHASUMS256.txt
gyp http GET https://nodejs.org/download/release/v20.6.1/win-x64/node.lib
gyp http 200 https://nodejs.org/download/release/v20.6.1/SHASUMS256.txt
gyp http 200 https://nodejs.org/download/release/v20.6.1/win-x64/node.lib
gyp info find VS using VS2019 (16.11.34031.81) found at:
gyp info find VS "C:\Program Files (x86)\Microsoft Visual Studio\2019\BuildTools"
gyp info find VS run with --verbose for detailed information
gyp info spawn C:\Python311\python.exe
gyp info spawn args [
gyp info spawn args   'C:\\Users\\Aditya\\AppData\\Roaming\\npm\\node_modules\\npm\\node_modules\\node-gyp\\gyp\\gyp_main.py',
gyp info spawn args   'binding.gyp',
gyp info spawn args   '-f',
gyp info spawn args   'msvs',
gyp info spawn args   '-I',
gyp info spawn args   'C:\\Users\\Aditya\\Downloads\\election-2019_update\\election-2019_update\\node_modules\\uws\\build\\config.gypi',
gyp info spawn args   '-I',
gyp info spawn args   'C:\\Users\\Aditya\\AppData\\Roaming\\npm\\node_modules\\npm\\node_modules\\node-gyp\\addon.gypi',
gyp info spawn args   '-I',
gyp info spawn args   'C:\\Users\\Aditya\\AppData\\Local\\node-gyp\\Cache\\20.6.1\\include\\node\\common.gypi',
gyp info spawn args   '-Dlibrary=shared_library',
gyp info spawn args   '-Dvisibility=default',
gyp info spawn args   '-Dnode_root_dir=C:\\Users\\Aditya\\AppData\\Local\\node-gyp\\Cache\\20.6.1',
gyp info spawn args   '-Dnode_gyp_dir=C:\\Users\\Aditya\\AppData\\Roaming\\npm\\node_modules\\npm\\node_modules\\node-gyp',
gyp info spawn args   '-Dnode_lib_file=C:\\\\Users\\\\Aditya\\\\AppData\\\\Local\\\\node-gyp\\\\Cache\\\\20.6.1\\\\<(target_arch)\\\\node.lib',
gyp info spawn args   '-Dmodule_root_dir=C:\\Users\\Aditya\\Downloads\\election-2019_update\\election-2019_update\\node_modules\\uws',
gyp info spawn args   '-Dnode_engine=v8',
gyp info spawn args   '--depth=.',
gyp info spawn args   '--no-parallel',
gyp info spawn args   '--generator-output',
gyp info spawn args   'C:\\Users\\Aditya\\Downloads\\election-2019_update\\election-2019_update\\node_modules\\uws\\build',
gyp info spawn args   '-Goutput_dir=.'
gyp info spawn args ]
gyp info spawn C:\Program Files (x86)\Microsoft Visual Studio\2019\BuildTools\MSBuild\Current\Bin\MSBuild.exe
gyp info spawn args [
gyp info spawn args   'build/binding.sln',
gyp info spawn args   '/clp:Verbosity=minimal',
gyp info spawn args   '/nologo',
gyp info spawn args   '/p:Configuration=Release;Platform=x64'
gyp info spawn args ]
Building the projects in this solution one at a time. To enable parallel build, please add the "-m" switch.
  Extensions.cpp
  Group.cpp
  Networking.cpp
  Hub.cpp
  Node.cpp
  WebSocket.cpp
  HTTPSocket.cpp
  Socket.cpp
  addon.cpp
C:\Users\Aditya\Downloads\election-2019_update\election-2019_update\node_modules\uws\src\addon.h(21,15): warning C4996: 'node::MakeCallback': was declared deprecated [C:\Users\Aditya\Downloads\election-2019_update\election-2019_update\node_modules\uws\build\uws.vcxproj]
C:\Users\Aditya\Downloads\election-2019_update\election-2019_update\node_modules\uws\src\addon.h(37,1): error C2664: 'v8::String::Utf8Value::Utf8Value(const v8::String::Utf8Value &)': cannot convert argument 1 from 'const v8::Local<v8::Value>' to 'const v8::String::Utf8Value &' [C:\Users\Aditya\Downloads\election-2019_update\election-2019_update\node_modules\uws\build\uws.vcxproj]
C:\Users\Aditya\Downloads\election-2019_update\election-2019_update\node_modules\uws\src\addon.h(37,1): message : Reason: cannot convert from 'const v8::Local<v8::Value>' to 'const v8::String::Utf8Value' [C:\Users\Aditya\Downloads\election-2019_update\election-2019_update\node_modules\uws\build\uws.vcxproj]
C:\Users\Aditya\Downloads\election-2019_update\election-2019_update\node_modules\uws\src\addon.h(37,65): message : No user-defined-conversion operator available that can perform this conversion, or the operator cannot be called [C:\Users\Aditya\Downloads\election-2019_update\election-2019_update\node_modules\uws\build\uws.vcxproj]
C:\Users\Aditya\AppData\Local\node-gyp\Cache\20.6.1\include\node\v8-primitive.h(526,5): message : see declaration of 'v8::String::Utf8Value::Utf8Value' [C:\Users\Aditya\Downloads\election-2019_update\election-2019_update\node_modules\uws\build\uws.vcxproj]
C:\Users\Aditya\Downloads\election-2019_update\election-2019_update\node_modules\uws\src\addon.h(45,26): error C2039: 'Contents': is not a member of 'v8::ArrayBuffer' [C:\Users\Aditya\Downloads\election-2019_update\election-2019_update\node_modules\uws\build\uws.vcxproj]
C:\Users\Aditya\AppData\Local\node-gyp\Cache\20.6.1\include\node\v8-wasm.h(19): message : see declaration of 'v8::ArrayBuffer' [C:\Users\Aditya\Downloads\election-2019_update\election-2019_update\node_modules\uws\build\uws.vcxproj]
C:\Users\Aditya\Downloads\election-2019_update\election-2019_update\node_modules\uws\src\addon.h(45,1): error C2065: 'Contents': undeclared identifier [C:\Users\Aditya\Downloads\election-2019_update\election-2019_update\node_modules\uws\build\uws.vcxproj]
C:\Users\Aditya\Downloads\election-2019_update\election-2019_update\node_modules\uws\src\addon.h(45,35): error C2146: syntax error: missing ';' before identifier 'contents' [C:\Users\Aditya\Downloads\election-2019_update\election-2019_update\node_modules\uws\build\uws.vcxproj]
C:\Users\Aditya\Downloads\election-2019_update\election-2019_update\node_modules\uws\src\addon.h(45,35): error C2065: 'contents': undeclared identifier [C:\Users\Aditya\Downloads\election-2019_update\election-2019_update\node_modules\uws\build\uws.vcxproj]
C:\Users\Aditya\Downloads\election-2019_update\election-2019_update\node_modules\uws\src\addon.h(45,73): error C2039: 'GetContents': is not a member of 'v8::ArrayBuffer' [C:\Users\Aditya\Downloads\election-2019_update\election-2019_update\node_modules\uws\build\uws.vcxproj]
C:\Users\Aditya\AppData\Local\node-gyp\Cache\20.6.1\include\node\v8-wasm.h(19): message : see declaration of 'v8::ArrayBuffer' [C:\Users\Aditya\Downloads\election-2019_update\election-2019_update\node_modules\uws\build\uws.vcxproj]
C:\Users\Aditya\Downloads\election-2019_update\election-2019_update\node_modules\uws\src\addon.h(46,22): error C2065: 'contents': undeclared identifier [C:\Users\Aditya\Downloads\election-2019_update\election-2019_update\node_modules\uws\build\uws.vcxproj]
C:\Users\Aditya\Downloads\election-2019_update\election-2019_update\node_modules\uws\src\addon.h(47,29): error C2065: 'contents': undeclared identifier [C:\Users\Aditya\Downloads\election-2019_update\election-2019_update\node_modules\uws\build\uws.vcxproj]
C:\Users\Aditya\Downloads\election-2019_update\election-2019_update\node_modules\uws\src\addon.h(50,26): error C2039: 'Contents': is not a member of 'v8::ArrayBuffer' [C:\Users\Aditya\Downloads\election-2019_update\election-2019_update\node_modules\uws\build\uws.vcxproj]
C:\Users\Aditya\AppData\Local\node-gyp\Cache\20.6.1\include\node\v8-wasm.h(19): message : see declaration of 'v8::ArrayBuffer' [C:\Users\Aditya\Downloads\election-2019_update\election-2019_update\node_modules\uws\build\uws.vcxproj]
C:\Users\Aditya\Downloads\election-2019_update\election-2019_update\node_modules\uws\src\addon.h(50,1): error C2065: 'Contents': undeclared identifier [C:\Users\Aditya\Downloads\election-2019_update\election-2019_update\node_modules\uws\build\uws.vcxproj]
C:\Users\Aditya\Downloads\election-2019_update\election-2019_update\node_modules\uws\src\addon.h(50,35): error C2146: syntax error: missing ';' before identifier 'contents' [C:\Users\Aditya\Downloads\election-2019_update\election-2019_update\node_modules\uws\build\uws.vcxproj]
C:\Users\Aditya\Downloads\election-2019_update\election-2019_update\node_modules\uws\src\addon.h(50,35): error C2065: 'contents': undeclared identifier [C:\Users\Aditya\Downloads\election-2019_update\election-2019_update\node_modules\uws\build\uws.vcxproj]
C:\Users\Aditya\Downloads\election-2019_update\election-2019_update\node_modules\uws\src\addon.h(50,59): error C2039: 'GetContents': is not a member of 'v8::ArrayBuffer' [C:\Users\Aditya\Downloads\election-2019_update\election-2019_update\node_modules\uws\build\uws.vcxproj]
C:\Users\Aditya\AppData\Local\node-gyp\Cache\20.6.1\include\node\v8-wasm.h(19): message : see declaration of 'v8::ArrayBuffer' [C:\Users\Aditya\Downloads\election-2019_update\election-2019_update\node_modules\uws\build\uws.vcxproj]
C:\Users\Aditya\Downloads\election-2019_update\election-2019_update\node_modules\uws\src\addon.h(51,22): error C2065: 'contents': undeclared identifier [C:\Users\Aditya\Downloads\election-2019_update\election-2019_update\node_modules\uws\build\uws.vcxproj]
C:\Users\Aditya\Downloads\election-2019_update\election-2019_update\node_modules\uws\src\addon.h(52,29): error C2065: 'contents': undeclared identifier [C:\Users\Aditya\Downloads\election-2019_update\election-2019_update\node_modules\uws\build\uws.vcxproj]
C:\Users\Aditya\Downloads\election-2019_update\election-2019_update\node_modules\uws\src\addon.h(102,109): error C2661: 'v8::ArrayBuffer::New': no overloaded function takes 3 arguments [C:\Users\Aditya\Downloads\election-2019_update\election-2019_update\node_modules\uws\build\uws.vcxproj]
C:\Users\Aditya\Downloads\election-2019_update\election-2019_update\node_modules\uws\src\addon.h(102,174): error C2039: 'kNormalString': is not a member of 'v8::String' [C:\Users\Aditya\Downloads\election-2019_update\election-2019_update\node_modules\uws\build\uws.vcxproj]
C:\Users\Aditya\AppData\Local\node-gyp\Cache\20.6.1\include\node\v8-value-serializer.h(24): message : see declaration of 'v8::String' [C:\Users\Aditya\Downloads\election-2019_update\election-2019_update\node_modules\uws\build\uws.vcxproj]
C:\Users\Aditya\Downloads\election-2019_update\election-2019_update\node_modules\uws\src\addon.h(102,187): error C2065: 'kNormalString': undeclared identifier [C:\Users\Aditya\Downloads\election-2019_update\election-2019_update\node_modules\uws\build\uws.vcxproj]
C:\Users\Aditya\Downloads\election-2019_update\election-2019_update\node_modules\uws\src\addon.h(223,60): error C2660: 'v8::Value::ToObject': function does not take 0 arguments [C:\Users\Aditya\Downloads\election-2019_update\election-2019_update\node_modules\uws\build\uws.vcxproj]
C:\Users\Aditya\AppData\Local\node-gyp\Cache\20.6.1\include\node\v8-value.h(382,44): message : see declaration of 'v8::Value::ToObject' [C:\Users\Aditya\Downloads\election-2019_update\election-2019_update\node_modules\uws\build\uws.vcxproj]
C:\Users\Aditya\Downloads\election-2019_update\election-2019_update\node_modules\uws\src\addon.h(225,44): error C2660: 'v8::Value::IntegerValue': function does not take 0 arguments [C:\Users\Aditya\Downloads\election-2019_update\election-2019_update\node_modules\uws\build\uws.vcxproj]
C:\Users\Aditya\AppData\Local\node-gyp\Cache\20.6.1\include\node\v8-value.h(423,40): message : see declaration of 'v8::Value::IntegerValue' [C:\Users\Aditya\Downloads\election-2019_update\election-2019_update\node_modules\uws\build\uws.vcxproj]
C:\Users\Aditya\Downloads\election-2019_update\election-2019_update\node_modules\uws\src\addon.h(339,15): warning C4996: 'node::MakeCallback': was declared deprecated [C:\Users\Aditya\Downloads\election-2019_update\election-2019_update\node_modules\uws\build\uws.vcxproj]
C:\Users\Aditya\Downloads\election-2019_update\election-2019_update\node_modules\uws\src\addon.h(403,1): error C2660: 'v8::Function::Call': function does not take 3 arguments [C:\Users\Aditya\Downloads\election-2019_update\election-2019_update\node_modules\uws\build\uws.vcxproj]
C:\Users\Aditya\AppData\Local\node-gyp\Cache\20.6.1\include\node\v8-function.h(55,43): message : see declaration of 'v8::Function::Call' [C:\Users\Aditya\Downloads\election-2019_update\election-2019_update\node_modules\uws\build\uws.vcxproj]
C:\Users\Aditya\Downloads\election-2019_update\election-2019_update\node_modules\uws\src\addon.h(416,48): error C2660: 'v8::Value::IntegerValue': function does not take 0 arguments [C:\Users\Aditya\Downloads\election-2019_update\election-2019_update\node_modules\uws\build\uws.vcxproj]
C:\Users\Aditya\AppData\Local\node-gyp\Cache\20.6.1\include\node\v8-value.h(423,40): message : see declaration of 'v8::Value::IntegerValue' [C:\Users\Aditya\Downloads\election-2019_update\election-2019_update\node_modules\uws\build\uws.vcxproj]
C:\Users\Aditya\Downloads\election-2019_update\election-2019_update\node_modules\uws\src\addon.h(425,38): error C2660: 'v8::Value::IntegerValue': function does not take 0 arguments [C:\Users\Aditya\Downloads\election-2019_update\election-2019_update\node_modules\uws\build\uws.vcxproj]
C:\Users\Aditya\AppData\Local\node-gyp\Cache\20.6.1\include\node\v8-value.h(423,40): message : see declaration of 'v8::Value::IntegerValue' [C:\Users\Aditya\Downloads\election-2019_update\election-2019_update\node_modules\uws\build\uws.vcxproj]
C:\Users\Aditya\Downloads\election-2019_update\election-2019_update\node_modules\uws\src\http.h(31,123): error C2039: 'kNormalString': is not a member of 'v8::String' [C:\Users\Aditya\Downloads\election-2019_update\election-2019_update\node_modules\uws\build\uws.vcxproj]
C:\Users\Aditya\AppData\Local\node-gyp\Cache\20.6.1\include\node\v8-value-serializer.h(24): message : see declaration of 'v8::String' [C:\Users\Aditya\Downloads\election-2019_update\election-2019_update\node_modules\uws\build\uws.vcxproj]
C:\Users\Aditya\Downloads\election-2019_update\election-2019_update\node_modules\uws\src\http.h(31,1): error C2065: 'kNormalString': undeclared identifier [C:\Users\Aditya\Downloads\election-2019_update\election-2019_update\node_modules\uws\build\uws.vcxproj]
C:\Users\Aditya\Downloads\election-2019_update\election-2019_update\node_modules\uws\src\http.h(42,1): warning C4311: 'type cast': pointer truncation from 'void *' to 'long' [C:\Users\Aditya\Downloads\election-2019_update\election-2019_update\node_modules\uws\build\uws.vcxproj]
C:\Users\Aditya\Downloads\election-2019_update\election-2019_update\node_modules\uws\src\http.h(42,1): warning C4302: 'type cast': truncation from 'void *' to 'long' [C:\Users\Aditya\Downloads\election-2019_update\election-2019_update\node_modules\uws\build\uws.vcxproj]
C:\Users\Aditya\Downloads\election-2019_update\election-2019_update\node_modules\uws\src\http.h(45,112): error C2039: 'kNormalString': is not a member of 'v8::String' [C:\Users\Aditya\Downloads\election-2019_update\election-2019_update\node_modules\uws\build\uws.vcxproj]
C:\Users\Aditya\AppData\Local\node-gyp\Cache\20.6.1\include\node\v8-value-serializer.h(24): message : see declaration of 'v8::String' [C:\Users\Aditya\Downloads\election-2019_update\election-2019_update\node_modules\uws\build\uws.vcxproj]
C:\Users\Aditya\Downloads\election-2019_update\election-2019_update\node_modules\uws\src\http.h(45,1): error C2065: 'kNormalString': undeclared identifier [C:\Users\Aditya\Downloads\election-2019_update\election-2019_update\node_modules\uws\build\uws.vcxproj]
C:\Users\Aditya\Downloads\election-2019_update\election-2019_update\node_modules\uws\src\http.h(48,112): error C2039: 'kNormalString': is not a member of 'v8::String' [C:\Users\Aditya\Downloads\election-2019_update\election-2019_update\node_modules\uws\build\uws.vcxproj]
C:\Users\Aditya\AppData\Local\node-gyp\Cache\20.6.1\include\node\v8-value-serializer.h(24): message : see declaration of 'v8::String' [C:\Users\Aditya\Downloads\election-2019_update\election-2019_update\node_modules\uws\build\uws.vcxproj]
C:\Users\Aditya\Downloads\election-2019_update\election-2019_update\node_modules\uws\src\http.h(48,1): error C2065: 'kNormalString': undeclared identifier [C:\Users\Aditya\Downloads\election-2019_update\election-2019_update\node_modules\uws\build\uws.vcxproj]
C:\Users\Aditya\Downloads\election-2019_update\election-2019_update\node_modules\uws\src\http.h(51,113): error C2039: 'kNormalString': is not a member of 'v8::String' [C:\Users\Aditya\Downloads\election-2019_update\election-2019_update\node_modules\uws\build\uws.vcxproj]
C:\Users\Aditya\AppData\Local\node-gyp\Cache\20.6.1\include\node\v8-value-serializer.h(24): message : see declaration of 'v8::String' [C:\Users\Aditya\Downloads\election-2019_update\election-2019_update\node_modules\uws\build\uws.vcxproj]
C:\Users\Aditya\Downloads\election-2019_update\election-2019_update\node_modules\uws\src\http.h(51,1): error C2065: 'kNormalString': undeclared identifier [C:\Users\Aditya\Downloads\election-2019_update\election-2019_update\node_modules\uws\build\uws.vcxproj]
C:\Users\Aditya\Downloads\election-2019_update\election-2019_update\node_modules\uws\src\http.h(54,113): error C2039: 'kNormalString': is not a member of 'v8::String' [C:\Users\Aditya\Downloads\election-2019_update\election-2019_update\node_modules\uws\build\uws.vcxproj]
C:\Users\Aditya\AppData\Local\node-gyp\Cache\20.6.1\include\node\v8-value-serializer.h(24): message : see declaration of 'v8::String' [C:\Users\Aditya\Downloads\election-2019_update\election-2019_update\node_modules\uws\build\uws.vcxproj]
C:\Users\Aditya\Downloads\election-2019_update\election-2019_update\node_modules\uws\src\http.h(54,1): error C2065: 'kNormalString': undeclared identifier [C:\Users\Aditya\Downloads\election-2019_update\election-2019_update\node_modules\uws\build\uws.vcxproj]
C:\Users\Aditya\Downloads\election-2019_update\election-2019_update\node_modules\uws\src\http.h(57,114): error C2039: 'kNormalString': is not a member of 'v8::String' [C:\Users\Aditya\Downloads\election-2019_update\election-2019_update\node_modules\uws\build\uws.vcxproj]
C:\Users\Aditya\AppData\Local\node-gyp\Cache\20.6.1\include\node\v8-value-serializer.h(24): message : see declaration of 'v8::String' [C:\Users\Aditya\Downloads\election-2019_update\election-2019_update\node_modules\uws\build\uws.vcxproj]
C:\Users\Aditya\Downloads\election-2019_update\election-2019_update\node_modules\uws\src\http.h(57,1): error C2065: 'kNormalString': undeclared identifier [C:\Users\Aditya\Downloads\election-2019_update\election-2019_update\node_modules\uws\build\uws.vcxproj]
C:\Users\Aditya\Downloads\election-2019_update\election-2019_update\node_modules\uws\src\http.h(60,114): error C2039: 'kNormalString': is not a member of 'v8::String' [C:\Users\Aditya\Downloads\election-2019_update\election-2019_update\node_modules\uws\build\uws.vcxproj]
C:\Users\Aditya\AppData\Local\node-gyp\Cache\20.6.1\include\node\v8-value-serializer.h(24): message : see declaration of 'v8::String' [C:\Users\Aditya\Downloads\election-2019_update\election-2019_update\node_modules\uws\build\uws.vcxproj]
C:\Users\Aditya\Downloads\election-2019_update\election-2019_update\node_modules\uws\src\http.h(60,1): error C2065: 'kNormalString': undeclared identifier [C:\Users\Aditya\Downloads\election-2019_update\election-2019_update\node_modules\uws\build\uws.vcxproj]
C:\Users\Aditya\Downloads\election-2019_update\election-2019_update\node_modules\uws\src\http.h(63,115): error C2039: 'kNormalString': is not a member of 'v8::String' [C:\Users\Aditya\Downloads\election-2019_update\election-2019_update\node_modules\uws\build\uws.vcxproj]
C:\Users\Aditya\AppData\Local\node-gyp\Cache\20.6.1\include\node\v8-value-serializer.h(24): message : see declaration of 'v8::String' [C:\Users\Aditya\Downloads\election-2019_update\election-2019_update\node_modules\uws\build\uws.vcxproj]
C:\Users\Aditya\Downloads\election-2019_update\election-2019_update\node_modules\uws\src\http.h(63,1): error C2065: 'kNormalString': undeclared identifier [C:\Users\Aditya\Downloads\election-2019_update\election-2019_update\node_modules\uws\build\uws.vcxproj]
C:\Users\Aditya\Downloads\election-2019_update\election-2019_update\node_modules\uws\src\http.h(66,116): error C2039: 'kNormalString': is not a member of 'v8::String' [C:\Users\Aditya\Downloads\election-2019_update\election-2019_update\node_modules\uws\build\uws.vcxproj]
C:\Users\Aditya\AppData\Local\node-gyp\Cache\20.6.1\include\node\v8-value-serializer.h(24): message : see declaration of 'v8::String' [C:\Users\Aditya\Downloads\election-2019_update\election-2019_update\node_modules\uws\build\uws.vcxproj]
C:\Users\Aditya\Downloads\election-2019_update\election-2019_update\node_modules\uws\src\http.h(66,1): error C2065: 'kNormalString': undeclared identifier [C:\Users\Aditya\Downloads\election-2019_update\election-2019_update\node_modules\uws\build\uws.vcxproj]
C:\Users\Aditya\Downloads\election-2019_update\election-2019_update\node_modules\uws\src\http.h(69,116): error C2039: 'kNormalString': is not a member of 'v8::String' [C:\Users\Aditya\Downloads\election-2019_update\election-2019_update\node_modules\uws\build\uws.vcxproj]
C:\Users\Aditya\AppData\Local\node-gyp\Cache\20.6.1\include\node\v8-value-serializer.h(24): message : see declaration of 'v8::String' [C:\Users\Aditya\Downloads\election-2019_update\election-2019_update\node_modules\uws\build\uws.vcxproj]
C:\Users\Aditya\Downloads\election-2019_update\election-2019_update\node_modules\uws\src\http.h(69,1): error C2065: 'kNormalString': undeclared identifier [C:\Users\Aditya\Downloads\election-2019_update\election-2019_update\node_modules\uws\build\uws.vcxproj]
C:\Users\Aditya\Downloads\election-2019_update\election-2019_update\node_modules\uws\src\http.h(90,1): error C2664: 'void v8::FunctionTemplate::SetClassName(v8::Local<v8::String>)': cannot convert argument 1 from 'v8::MaybeLocal<v8::String>' to 'v8::Local<v8::String>' [C:\Users\Aditya\Downloads\election-2019_update\election-2019_update\node_modules\uws\build\uws.vcxproj]
C:\Users\Aditya\Downloads\election-2019_update\election-2019_update\node_modules\uws\src\http.h(90,63): message : No user-defined-conversion operator available that can perform this conversion, or the operator cannot be called [C:\Users\Aditya\Downloads\election-2019_update\election-2019_update\node_modules\uws\build\uws.vcxproj]
C:\Users\Aditya\AppData\Local\node-gyp\Cache\20.6.1\include\node\v8-template.h(552,8): message : see declaration of 'v8::FunctionTemplate::SetClassName' [C:\Users\Aditya\Downloads\election-2019_update\election-2019_update\node_modules\uws\build\uws.vcxproj]
C:\Users\Aditya\Downloads\election-2019_update\election-2019_update\node_modules\uws\src\http.h(92,1): error C2664: 'void v8::ObjectTemplate::SetAccessor(v8::Local<v8::String>,v8::AccessorGetterCallback,v8::AccessorSetterCallback,v8::Local<v8::Value>,v8::AccessControl,v8::PropertyAttribute,v8::SideEffectType,v8::SideEffectType)': cannot convert argument 1 from 'v8::MaybeLocal<v8::String>' to 'v8::Local<v8::String>' [C:\Users\Aditya\Downloads\election-2019_update\election-2019_update\node_modules\uws\build\uws.vcxproj]
C:\Users\Aditya\Downloads\election-2019_update\election-2019_update\node_modules\uws\src\http.h(92,83): message : No user-defined-conversion operator available that can perform this conversion, or the operator cannot be called [C:\Users\Aditya\Downloads\election-2019_update\election-2019_update\node_modules\uws\build\uws.vcxproj]
C:\Users\Aditya\AppData\Local\node-gyp\Cache\20.6.1\include\node\v8-template.h(809,8): message : see declaration of 'v8::ObjectTemplate::SetAccessor' [C:\Users\Aditya\Downloads\election-2019_update\election-2019_update\node_modules\uws\build\uws.vcxproj]
C:\Users\Aditya\Downloads\election-2019_update\election-2019_update\node_modules\uws\src\http.h(93,1): error C2664: 'void v8::ObjectTemplate::SetAccessor(v8::Local<v8::String>,v8::AccessorGetterCallback,v8::AccessorSetterCallback,v8::Local<v8::Value>,v8::AccessControl,v8::PropertyAttribute,v8::SideEffectType,v8::SideEffectType)': cannot convert argument 1 from 'v8::MaybeLocal<v8::String>' to 'v8::Local<v8::String>' [C:\Users\Aditya\Downloads\election-2019_update\election-2019_update\node_modules\uws\build\uws.vcxproj]
C:\Users\Aditya\Downloads\election-2019_update\election-2019_update\node_modules\uws\src\http.h(93,83): message : No user-defined-conversion operator available that can perform this conversion, or the operator cannot be called [C:\Users\Aditya\Downloads\election-2019_update\election-2019_update\node_modules\uws\build\uws.vcxproj]
C:\Users\Aditya\AppData\Local\node-gyp\Cache\20.6.1\include\node\v8-template.h(809,8): message : see declaration of 'v8::ObjectTemplate::SetAccessor' [C:\Users\Aditya\Downloads\election-2019_update\election-2019_update\node_modules\uws\build\uws.vcxproj]
C:\Users\Aditya\Downloads\election-2019_update\election-2019_update\node_modules\uws\src\http.h(94,1): error C2664: 'void v8::Template::Set(v8::Local<v8::Name>,v8::Local<v8::Data>,v8::PropertyAttribute)': cannot convert argument 1 from 'v8::MaybeLocal<v8::String>' to 'v8::Local<v8::Name>' [C:\Users\Aditya\Downloads\election-2019_update\election-2019_update\node_modules\uws\build\uws.vcxproj]
C:\Users\Aditya\Downloads\election-2019_update\election-2019_update\node_modules\uws\src\http.h(94,75): message : No user-defined-conversion operator available that can perform this conversion, or the operator cannot be called [C:\Users\Aditya\Downloads\election-2019_update\election-2019_update\node_modules\uws\build\uws.vcxproj]
C:\Users\Aditya\AppData\Local\node-gyp\Cache\20.6.1\include\node\v8-template.h(53,8): message : see declaration of 'v8::Template::Set' [C:\Users\Aditya\Downloads\election-2019_update\election-2019_update\node_modules\uws\build\uws.vcxproj]
C:\Users\Aditya\Downloads\election-2019_update\election-2019_update\node_modules\uws\src\http.h(95,1): error C2664: 'void v8::Template::Set(v8::Local<v8::Name>,v8::Local<v8::Data>,v8::PropertyAttribute)': cannot convert argument 1 from 'v8::MaybeLocal<v8::String>' to 'v8::Local<v8::Name>' [C:\Users\Aditya\Downloads\election-2019_update\election-2019_update\node_modules\uws\build\uws.vcxproj]
C:\Users\Aditya\Downloads\election-2019_update\election-2019_update\node_modules\uws\src\http.h(95,75): message : No user-defined-conversion operator available that can perform this conversion, or the operator cannot be called [C:\Users\Aditya\Downloads\election-2019_update\election-2019_update\node_modules\uws\build\uws.vcxproj]
C:\Users\Aditya\AppData\Local\node-gyp\Cache\20.6.1\include\node\v8-template.h(53,8): message : see declaration of 'v8::Template::Set' [C:\Users\Aditya\Downloads\election-2019_update\election-2019_update\node_modules\uws\build\uws.vcxproj]
C:\Users\Aditya\Downloads\election-2019_update\election-2019_update\node_modules\uws\src\http.h(96,1): error C2664: 'void v8::Template::Set(v8::Local<v8::Name>,v8::Local<v8::Data>,v8::PropertyAttribute)': cannot convert argument 1 from 'v8::MaybeLocal<v8::String>' to 'v8::Local<v8::Name>' [C:\Users\Aditya\Downloads\election-2019_update\election-2019_update\node_modules\uws\build\uws.vcxproj]
C:\Users\Aditya\Downloads\election-2019_update\election-2019_update\node_modules\uws\src\http.h(96,75): message : No user-defined-conversion operator available that can perform this conversion, or the operator cannot be called [C:\Users\Aditya\Downloads\election-2019_update\election-2019_update\node_modules\uws\build\uws.vcxproj]
C:\Users\Aditya\AppData\Local\node-gyp\Cache\20.6.1\include\node\v8-template.h(53,8): message : see declaration of 'v8::Template::Set' [C:\Users\Aditya\Downloads\election-2019_update\election-2019_update\node_modules\uws\build\uws.vcxproj]
C:\Users\Aditya\Downloads\election-2019_update\election-2019_update\node_modules\uws\src\http.h(97,1): error C2664: 'void v8::Template::Set(v8::Local<v8::Name>,v8::Local<v8::Data>,v8::PropertyAttribute)': cannot convert argument 1 from 'v8::MaybeLocal<v8::String>' to 'v8::Local<v8::Name>' [C:\Users\Aditya\Downloads\election-2019_update\election-2019_update\node_modules\uws\build\uws.vcxproj]
C:\Users\Aditya\Downloads\election-2019_update\election-2019_update\node_modules\uws\src\http.h(97,75): message : No user-defined-conversion operator available that can perform this conversion, or the operator cannot be called [C:\Users\Aditya\Downloads\election-2019_update\election-2019_update\node_modules\uws\build\uws.vcxproj]
C:\Users\Aditya\AppData\Local\node-gyp\Cache\20.6.1\include\node\v8-template.h(53,8): message : see declaration of 'v8::Template::Set' [C:\Users\Aditya\Downloads\election-2019_update\election-2019_update\node_modules\uws\build\uws.vcxproj]
C:\Users\Aditya\Downloads\election-2019_update\election-2019_update\node_modules\uws\src\http.h(99,1): error C2660: 'v8::FunctionTemplate::GetFunction': function does not take 0 arguments [C:\Users\Aditya\Downloads\election-2019_update\election-2019_update\node_modules\uws\build\uws.vcxproj]
C:\Users\Aditya\AppData\Local\node-gyp\Cache\20.6.1\include\node\v8-template.h(497,46): message : see declaration of 'v8::FunctionTemplate::GetFunction' [C:\Users\Aditya\Downloads\election-2019_update\election-2019_update\node_modules\uws\build\uws.vcxproj]
C:\Users\Aditya\Downloads\election-2019_update\election-2019_update\node_modules\uws\src\http.h(102,30): error C2039: 'SetNamedPropertyHandler': is not a member of 'v8::ObjectTemplate' [C:\Users\Aditya\Downloads\election-2019_update\election-2019_update\node_modules\uws\build\uws.vcxproj]
C:\Users\Aditya\AppData\Local\node-gyp\Cache\20.6.1\include\node\v8-template.h(775): message : see declaration of 'v8::ObjectTemplate' [C:\Users\Aditya\Downloads\election-2019_update\election-2019_update\node_modules\uws\build\uws.vcxproj]
C:\Users\Aditya\Downloads\election-2019_update\election-2019_update\node_modules\uws\src\http.h(104,1): error C2660: 'v8::ObjectTemplate::NewInstance': function does not take 0 arguments [C:\Users\Aditya\Downloads\election-2019_update\election-2019_update\node_modules\uws\build\uws.vcxproj]
C:\Users\Aditya\AppData\Local\node-gyp\Cache\20.6.1\include\node\v8-template.h(783,44): message : see declaration of 'v8::ObjectTemplate::NewInstance' [C:\Users\Aditya\Downloads\election-2019_update\election-2019_update\node_modules\uws\build\uws.vcxproj]
C:\Users\Aditya\Downloads\election-2019_update\election-2019_update\node_modules\uws\src\http.h(104,1): error C2661: 'v8::Object::Set': no overloaded function takes 1 arguments [C:\Users\Aditya\Downloads\election-2019_update\election-2019_update\node_modules\uws\build\uws.vcxproj]
C:\Users\Aditya\Downloads\election-2019_update\election-2019_update\node_modules\uws\src\http.h(137,1): error C2660: 'v8::Value::IntegerValue': function does not take 0 arguments [C:\Users\Aditya\Downloads\election-2019_update\election-2019_update\node_modules\uws\build\uws.vcxproj]
C:\Users\Aditya\AppData\Local\node-gyp\Cache\20.6.1\include\node\v8-value.h(423,40): message : see declaration of 'v8::Value::IntegerValue' [C:\Users\Aditya\Downloads\election-2019_update\election-2019_update\node_modules\uws\build\uws.vcxproj]
C:\Users\Aditya\Downloads\election-2019_update\election-2019_update\node_modules\uws\src\http.h(147,1): error C2660: 'v8::Value::ToObject': function does not take 0 arguments [C:\Users\Aditya\Downloads\election-2019_update\election-2019_update\node_modules\uws\build\uws.vcxproj]
C:\Users\Aditya\AppData\Local\node-gyp\Cache\20.6.1\include\node\v8-value.h(382,44): message : see declaration of 'v8::Value::ToObject' [C:\Users\Aditya\Downloads\election-2019_update\election-2019_update\node_modules\uws\build\uws.vcxproj]
C:\Users\Aditya\Downloads\election-2019_update\election-2019_update\node_modules\uws\src\http.h(148,1): error C2661: 'v8::Object::GetOwnPropertyNames': no overloaded function takes 0 arguments [C:\Users\Aditya\Downloads\election-2019_update\election-2019_update\node_modules\uws\build\uws.vcxproj]
C:\Users\Aditya\Downloads\election-2019_update\election-2019_update\node_modules\uws\src\http.h(149,39): warning C4018: '<': signed/unsigned mismatch [C:\Users\Aditya\Downloads\election-2019_update\election-2019_update\node_modules\uws\build\uws.vcxproj]
C:\Users\Aditya\Downloads\election-2019_update\election-2019_update\node_modules\uws\src\http.h(150,1): error C2661: 'v8::Object::Get': no overloaded function takes 1 arguments [C:\Users\Aditya\Downloads\election-2019_update\election-2019_update\node_modules\uws\build\uws.vcxproj]
C:\Users\Aditya\Downloads\election-2019_update\election-2019_update\node_modules\uws\src\http.h(151,1): error C2661: 'v8::Object::Get': no overloaded function takes 1 arguments [C:\Users\Aditya\Downloads\election-2019_update\election-2019_update\node_modules\uws\build\uws.vcxproj]
C:\Users\Aditya\Downloads\election-2019_update\election-2019_update\node_modules\uws\src\http.h(188,1): error C2664: 'void v8::FunctionTemplate::SetClassName(v8::Local<v8::String>)': cannot convert argument 1 from 'v8::MaybeLocal<v8::String>' to 'v8::Local<v8::String>' [C:\Users\Aditya\Downloads\election-2019_update\election-2019_update\node_modules\uws\build\uws.vcxproj]
C:\Users\Aditya\Downloads\election-2019_update\election-2019_update\node_modules\uws\src\http.h(188,63): message : No user-defined-conversion operator available that can perform this conversion, or the operator cannot be called [C:\Users\Aditya\Downloads\election-2019_update\election-2019_update\node_modules\uws\build\uws.vcxproj]
C:\Users\Aditya\AppData\Local\node-gyp\Cache\20.6.1\include\node\v8-template.h(552,8): message : see declaration of 'v8::FunctionTemplate::SetClassName' [C:\Users\Aditya\Downloads\election-2019_update\election-2019_update\node_modules\uws\build\uws.vcxproj]
C:\Users\Aditya\Downloads\election-2019_update\election-2019_update\node_modules\uws\src\http.h(190,1): error C2664: 'void v8::Template::Set(v8::Local<v8::Name>,v8::Local<v8::Data>,v8::PropertyAttribute)': cannot convert argument 1 from 'v8::MaybeLocal<v8::String>' to 'v8::Local<v8::Name>' [C:\Users\Aditya\Downloads\election-2019_update\election-2019_update\node_modules\uws\build\uws.vcxproj]
C:\Users\Aditya\Downloads\election-2019_update\election-2019_update\node_modules\uws\src\http.h(190,75): message : No user-defined-conversion operator available that can perform this conversion, or the operator cannot be called [C:\Users\Aditya\Downloads\election-2019_update\election-2019_update\node_modules\uws\build\uws.vcxproj]
C:\Users\Aditya\AppData\Local\node-gyp\Cache\20.6.1\include\node\v8-template.h(53,8): message : see declaration of 'v8::Template::Set' [C:\Users\Aditya\Downloads\election-2019_update\election-2019_update\node_modules\uws\build\uws.vcxproj]
C:\Users\Aditya\Downloads\election-2019_update\election-2019_update\node_modules\uws\src\http.h(191,1): error C2664: 'void v8::Template::Set(v8::Local<v8::Name>,v8::Local<v8::Data>,v8::PropertyAttribute)': cannot convert argument 1 from 'v8::MaybeLocal<v8::String>' to 'v8::Local<v8::Name>' [C:\Users\Aditya\Downloads\election-2019_update\election-2019_update\node_modules\uws\build\uws.vcxproj]
C:\Users\Aditya\Downloads\election-2019_update\election-2019_update\node_modules\uws\src\http.h(191,75): message : No user-defined-conversion operator available that can perform this conversion, or the operator cannot be called [C:\Users\Aditya\Downloads\election-2019_update\election-2019_update\node_modules\uws\build\uws.vcxproj]
C:\Users\Aditya\AppData\Local\node-gyp\Cache\20.6.1\include\node\v8-template.h(53,8): message : see declaration of 'v8::Template::Set' [C:\Users\Aditya\Downloads\election-2019_update\election-2019_update\node_modules\uws\build\uws.vcxproj]
C:\Users\Aditya\Downloads\election-2019_update\election-2019_update\node_modules\uws\src\http.h(192,1): error C2664: 'void v8::Template::Set(v8::Local<v8::Name>,v8::Local<v8::Data>,v8::PropertyAttribute)': cannot convert argument 1 from 'v8::MaybeLocal<v8::String>' to 'v8::Local<v8::Name>' [C:\Users\Aditya\Downloads\election-2019_update\election-2019_update\node_modules\uws\build\uws.vcxproj]
C:\Users\Aditya\Downloads\election-2019_update\election-2019_update\node_modules\uws\src\http.h(192,75): message : No user-defined-conversion operator available that can perform this conversion, or the operator cannot be called [C:\Users\Aditya\Downloads\election-2019_update\election-2019_update\node_modules\uws\build\uws.vcxproj]
C:\Users\Aditya\AppData\Local\node-gyp\Cache\20.6.1\include\node\v8-template.h(53,8): message : see declaration of 'v8::Template::Set' [C:\Users\Aditya\Downloads\election-2019_update\election-2019_update\node_modules\uws\build\uws.vcxproj]
C:\Users\Aditya\Downloads\election-2019_update\election-2019_update\node_modules\uws\src\http.h(193,1): error C2664: 'void v8::Template::Set(v8::Local<v8::Name>,v8::Local<v8::Data>,v8::PropertyAttribute)': cannot convert argument 1 from 'v8::MaybeLocal<v8::String>' to 'v8::Local<v8::Name>' [C:\Users\Aditya\Downloads\election-2019_update\election-2019_update\node_modules\uws\build\uws.vcxproj]
C:\Users\Aditya\Downloads\election-2019_update\election-2019_update\node_modules\uws\src\http.h(193,75): message : No user-defined-conversion operator available that can perform this conversion, or the operator cannot be called [C:\Users\Aditya\Downloads\election-2019_update\election-2019_update\node_modules\uws\build\uws.vcxproj]
C:\Users\Aditya\AppData\Local\node-gyp\Cache\20.6.1\include\node\v8-template.h(53,8): message : see declaration of 'v8::Template::Set' [C:\Users\Aditya\Downloads\election-2019_update\election-2019_update\node_modules\uws\build\uws.vcxproj]
C:\Users\Aditya\Downloads\election-2019_update\election-2019_update\node_modules\uws\src\http.h(194,1): error C2664: 'void v8::Template::Set(v8::Local<v8::Name>,v8::Local<v8::Data>,v8::PropertyAttribute)': cannot convert argument 1 from 'v8::MaybeLocal<v8::String>' to 'v8::Local<v8::Name>' [C:\Users\Aditya\Downloads\election-2019_update\election-2019_update\node_modules\uws\build\uws.vcxproj]
C:\Users\Aditya\Downloads\election-2019_update\election-2019_update\node_modules\uws\src\http.h(194,75): message : No user-defined-conversion operator available that can perform this conversion, or the operator cannot be called [C:\Users\Aditya\Downloads\election-2019_update\election-2019_update\node_modules\uws\build\uws.vcxproj]
C:\Users\Aditya\AppData\Local\node-gyp\Cache\20.6.1\include\node\v8-template.h(53,8): message : see declaration of 'v8::Template::Set' [C:\Users\Aditya\Downloads\election-2019_update\election-2019_update\node_modules\uws\build\uws.vcxproj]
C:\Users\Aditya\Downloads\election-2019_update\election-2019_update\node_modules\uws\src\http.h(195,1): error C2664: 'void v8::Template::Set(v8::Local<v8::Name>,v8::Local<v8::Data>,v8::PropertyAttribute)': cannot convert argument 1 from 'v8::MaybeLocal<v8::String>' to 'v8::Local<v8::Name>' [C:\Users\Aditya\Downloads\election-2019_update\election-2019_update\node_modules\uws\build\uws.vcxproj]
C:\Users\Aditya\Downloads\election-2019_update\election-2019_update\node_modules\uws\src\http.h(195,75): message : No user-defined-conversion operator available that can perform this conversion, or the operator cannot be called [C:\Users\Aditya\Downloads\election-2019_update\election-2019_update\node_modules\uws\build\uws.vcxproj]
C:\Users\Aditya\AppData\Local\node-gyp\Cache\20.6.1\include\node\v8-template.h(53,8): message : see declaration of 'v8::Template::Set' [C:\Users\Aditya\Downloads\election-2019_update\election-2019_update\node_modules\uws\build\uws.vcxproj]
C:\Users\Aditya\Downloads\election-2019_update\election-2019_update\node_modules\uws\src\http.h(196,1): error C2660: 'v8::FunctionTemplate::GetFunction': function does not take 0 arguments [C:\Users\Aditya\Downloads\election-2019_update\election-2019_update\node_modules\uws\build\uws.vcxproj]
C:\Users\Aditya\AppData\Local\node-gyp\Cache\20.6.1\include\node\v8-template.h(497,46): message : see declaration of 'v8::FunctionTemplate::GetFunction' [C:\Users\Aditya\Downloads\election-2019_update\election-2019_update\node_modules\uws\build\uws.vcxproj]
C:\Users\Aditya\Downloads\election-2019_update\election-2019_update\node_modules\uws\src\http.h(226,1): warning C4312: 'type cast': conversion from 'long' to 'void *' of greater size [C:\Users\Aditya\Downloads\election-2019_update\election-2019_update\node_modules\uws\build\uws.vcxproj]
C:\Users\Aditya\Downloads\election-2019_update\election-2019_update\node_modules\uws\src\http.h(227,116): error C2039: 'kNormalString': is not a member of 'v8::String' [C:\Users\Aditya\Downloads\election-2019_update\election-2019_update\node_modules\uws\build\uws.vcxproj]
C:\Users\Aditya\AppData\Local\node-gyp\Cache\20.6.1\include\node\v8-value-serializer.h(24): message : see declaration of 'v8::String' [C:\Users\Aditya\Downloads\election-2019_update\election-2019_update\node_modules\uws\build\uws.vcxproj]
C:\Users\Aditya\Downloads\election-2019_update\election-2019_update\node_modules\uws\src\http.h(227,1): error C2065: 'kNormalString': undeclared identifier [C:\Users\Aditya\Downloads\election-2019_update\election-2019_update\node_modules\uws\build\uws.vcxproj]
C:\Users\Aditya\Downloads\election-2019_update\election-2019_update\node_modules\uws\src\http.h(227,1): error C2660: 'v8::Object::SetInternalField': function does not take 1 arguments [C:\Users\Aditya\Downloads\election-2019_update\election-2019_update\node_modules\uws\build\uws.vcxproj]
C:\Users\Aditya\AppData\Local\node-gyp\Cache\20.6.1\include\node\v8-object.h(481,8): message : see declaration of 'v8::Object::SetInternalField' [C:\Users\Aditya\Downloads\election-2019_update\election-2019_update\node_modules\uws\build\uws.vcxproj]
C:\Users\Aditya\Downloads\election-2019_update\election-2019_update\node_modules\uws\src\http.h(230,1): error C2660: 'v8::Function::Call': function does not take 3 arguments [C:\Users\Aditya\Downloads\election-2019_update\election-2019_update\node_modules\uws\build\uws.vcxproj]
C:\Users\Aditya\AppData\Local\node-gyp\Cache\20.6.1\include\node\v8-function.h(55,43): message : see declaration of 'v8::Function::Call' [C:\Users\Aditya\Downloads\election-2019_update\election-2019_update\node_modules\uws\build\uws.vcxproj]
C:\Users\Aditya\Downloads\election-2019_update\election-2019_update\node_modules\uws\src\http.h(235,1): error C2661: 'v8::ArrayBuffer::New': no overloaded function takes 3 arguments [C:\Users\Aditya\Downloads\election-2019_update\election-2019_update\node_modules\uws\build\uws.vcxproj]
C:\Users\Aditya\Downloads\election-2019_update\election-2019_update\node_modules\uws\src\http.h(235,34): error C2466: cannot allocate an array of constant size 0 [C:\Users\Aditya\Downloads\election-2019_update\election-2019_update\node_modules\uws\build\uws.vcxproj]
C:\Users\Aditya\Downloads\election-2019_update\election-2019_update\node_modules\uws\src\http.h(236,1): error C2660: 'v8::Function::Call': function does not take 3 arguments [C:\Users\Aditya\Downloads\election-2019_update\election-2019_update\node_modules\uws\build\uws.vcxproj]
C:\Users\Aditya\AppData\Local\node-gyp\Cache\20.6.1\include\node\v8-function.h(55,43): message : see declaration of 'v8::Function::Call' [C:\Users\Aditya\Downloads\election-2019_update\election-2019_update\node_modules\uws\build\uws.vcxproj]
C:\Users\Aditya\Downloads\election-2019_update\election-2019_update\node_modules\uws\src\http.h(242,1): error C2660: 'v8::Function::Call': function does not take 3 arguments [C:\Users\Aditya\Downloads\election-2019_update\election-2019_update\node_modules\uws\build\uws.vcxproj]
C:\Users\Aditya\AppData\Local\node-gyp\Cache\20.6.1\include\node\v8-function.h(55,43): message : see declaration of 'v8::Function::Call' [C:\Users\Aditya\Downloads\election-2019_update\election-2019_update\node_modules\uws\build\uws.vcxproj]
C:\Users\Aditya\Downloads\election-2019_update\election-2019_update\node_modules\uws\src\http.h(265,1): error C2660: 'v8::Function::Call': function does not take 3 arguments [C:\Users\Aditya\Downloads\election-2019_update\election-2019_update\node_modules\uws\build\uws.vcxproj]
C:\Users\Aditya\AppData\Local\node-gyp\Cache\20.6.1\include\node\v8-function.h(55,43): message : see declaration of 'v8::Function::Call' [C:\Users\Aditya\Downloads\election-2019_update\election-2019_update\node_modules\uws\build\uws.vcxproj]
C:\Users\Aditya\Downloads\election-2019_update\election-2019_update\node_modules\uws\src\http.h(279,1): error C2661: 'v8::ArrayBuffer::New': no overloaded function takes 3 arguments [C:\Users\Aditya\Downloads\election-2019_update\election-2019_update\node_modules\uws\build\uws.vcxproj]
C:\Users\Aditya\Downloads\election-2019_update\election-2019_update\node_modules\uws\src\http.h(279,30): error C2466: cannot allocate an array of constant size 0 [C:\Users\Aditya\Downloads\election-2019_update\election-2019_update\node_modules\uws\build\uws.vcxproj]
C:\Users\Aditya\Downloads\election-2019_update\election-2019_update\node_modules\uws\src\http.h(280,1): error C2660: 'v8::Function::Call': function does not take 3 arguments [C:\Users\Aditya\Downloads\election-2019_update\election-2019_update\node_modules\uws\build\uws.vcxproj]
C:\Users\Aditya\AppData\Local\node-gyp\Cache\20.6.1\include\node\v8-function.h(55,43): message : see declaration of 'v8::Function::Call' [C:\Users\Aditya\Downloads\election-2019_update\election-2019_update\node_modules\uws\build\uws.vcxproj]
C:\Users\Aditya\Downloads\election-2019_update\election-2019_update\node_modules\uws\src\http.h(286,1): error C2660: 'v8::Function::Call': function does not take 3 arguments [C:\Users\Aditya\Downloads\election-2019_update\election-2019_update\node_modules\uws\build\uws.vcxproj]
C:\Users\Aditya\AppData\Local\node-gyp\Cache\20.6.1\include\node\v8-function.h(55,43): message : see declaration of 'v8::Function::Call' [C:\Users\Aditya\Downloads\election-2019_update\election-2019_update\node_modules\uws\build\uws.vcxproj]
C:\Users\Aditya\Downloads\election-2019_update\election-2019_update\node_modules\uws\src\http.h(293,1): error C2661: 'v8::Function::NewInstance': no overloaded function takes 0 arguments [C:\Users\Aditya\Downloads\election-2019_update\election-2019_update\node_modules\uws\build\uws.vcxproj]
C:\Users\Aditya\Downloads\election-2019_update\election-2019_update\node_modules\uws\src\http.h(308,1): error C2660: 'v8::Value::IntegerValue': function does not take 0 arguments [C:\Users\Aditya\Downloads\election-2019_update\election-2019_update\node_modules\uws\build\uws.vcxproj]
C:\Users\Aditya\AppData\Local\node-gyp\Cache\20.6.1\include\node\v8-value.h(423,40): message : see declaration of 'v8::Value::IntegerValue' [C:\Users\Aditya\Downloads\election-2019_update\election-2019_update\node_modules\uws\build\uws.vcxproj]
C:\Users\Aditya\Downloads\election-2019_update\election-2019_update\node_modules\uws\src\http.h(311,1): error C2660: 'v8::Function::Call': function does not take 3 arguments [C:\Users\Aditya\Downloads\election-2019_update\election-2019_update\node_modules\uws\build\uws.vcxproj]
C:\Users\Aditya\AppData\Local\node-gyp\Cache\20.6.1\include\node\v8-function.h(55,43): message : see declaration of 'v8::Function::Call' [C:\Users\Aditya\Downloads\election-2019_update\election-2019_update\node_modules\uws\build\uws.vcxproj]
C:\Users\Aditya\Downloads\election-2019_update\election-2019_update\node_modules\uws\src\http.h(320,1): error C2661: 'v8::Object::Get': no overloaded function takes 1 arguments [C:\Users\Aditya\Downloads\election-2019_update\election-2019_update\node_modules\uws\build\uws.vcxproj]
C:\Users\Aditya\Downloads\election-2019_update\election-2019_update\node_modules\uws\src\http.h(321,1): error C2661: 'v8::Object::Get': no overloaded function takes 1 arguments [C:\Users\Aditya\Downloads\election-2019_update\election-2019_update\node_modules\uws\build\uws.vcxproj]
C:\Users\Aditya\Downloads\election-2019_update\election-2019_update\node_modules\uws\src\http.h(327,1): error C2661: 'v8::Function::NewInstance': no overloaded function takes 0 arguments [C:\Users\Aditya\Downloads\election-2019_update\election-2019_update\node_modules\uws\build\uws.vcxproj]
C:\Users\Aditya\Downloads\election-2019_update\election-2019_update\node_modules\uws\src\http.h(343,1): error C2664: 'void v8::Template::Set(v8::Local<v8::Name>,v8::Local<v8::Data>,v8::PropertyAttribute)': cannot convert argument 1 from 'v8::MaybeLocal<v8::String>' to 'v8::Local<v8::Name>' [C:\Users\Aditya\Downloads\election-2019_update\election-2019_update\node_modules\uws\build\uws.vcxproj]
C:\Users\Aditya\Downloads\election-2019_update\election-2019_update\node_modules\uws\src\http.h(343,44): message : No user-defined-conversion operator available that can perform this conversion, or the operator cannot be called [C:\Users\Aditya\Downloads\election-2019_update\election-2019_update\node_modules\uws\build\uws.vcxproj]
C:\Users\Aditya\AppData\Local\node-gyp\Cache\20.6.1\include\node\v8-template.h(53,8): message : see declaration of 'v8::Template::Set' [C:\Users\Aditya\Downloads\election-2019_update\election-2019_update\node_modules\uws\build\uws.vcxproj]
C:\Users\Aditya\Downloads\election-2019_update\election-2019_update\node_modules\uws\src\http.h(344,1): error C2664: 'void v8::Template::Set(v8::Local<v8::Name>,v8::Local<v8::Data>,v8::PropertyAttribute)': cannot convert argument 1 from 'v8::MaybeLocal<v8::String>' to 'v8::Local<v8::Name>' [C:\Users\Aditya\Downloads\election-2019_update\election-2019_update\node_modules\uws\build\uws.vcxproj]
C:\Users\Aditya\Downloads\election-2019_update\election-2019_update\node_modules\uws\src\http.h(344,44): message : No user-defined-conversion operator available that can perform this conversion, or the operator cannot be called [C:\Users\Aditya\Downloads\election-2019_update\election-2019_update\node_modules\uws\build\uws.vcxproj]
C:\Users\Aditya\AppData\Local\node-gyp\Cache\20.6.1\include\node\v8-template.h(53,8): message : see declaration of 'v8::Template::Set' [C:\Users\Aditya\Downloads\election-2019_update\election-2019_update\node_modules\uws\build\uws.vcxproj]
C:\Users\Aditya\Downloads\election-2019_update\election-2019_update\node_modules\uws\src\http.h(345,1): error C2664: 'void v8::Template::Set(v8::Local<v8::Name>,v8::Local<v8::Data>,v8::PropertyAttribute)': cannot convert argument 1 from 'v8::MaybeLocal<v8::String>' to 'v8::Local<v8::Name>' [C:\Users\Aditya\Downloads\election-2019_update\election-2019_update\node_modules\uws\build\uws.vcxproj]
C:\Users\Aditya\Downloads\election-2019_update\election-2019_update\node_modules\uws\src\http.h(345,44): message : No user-defined-conversion operator available that can perform this conversion, or the operator cannot be called [C:\Users\Aditya\Downloads\election-2019_update\election-2019_update\node_modules\uws\build\uws.vcxproj]
C:\Users\Aditya\AppData\Local\node-gyp\Cache\20.6.1\include\node\v8-template.h(53,8): message : see declaration of 'v8::Template::Set' [C:\Users\Aditya\Downloads\election-2019_update\election-2019_update\node_modules\uws\build\uws.vcxproj]
C:\Users\Aditya\Downloads\election-2019_update\election-2019_update\node_modules\uws\src\http.h(346,1): error C2664: 'void v8::Template::Set(v8::Local<v8::Name>,v8::Local<v8::Data>,v8::PropertyAttribute)': cannot convert argument 1 from 'v8::MaybeLocal<v8::String>' to 'v8::Local<v8::Name>' [C:\Users\Aditya\Downloads\election-2019_update\election-2019_update\node_modules\uws\build\uws.vcxproj]
C:\Users\Aditya\Downloads\election-2019_update\election-2019_update\node_modules\uws\src\http.h(346,44): message : No user-defined-conversion operator available that can perform this conversion, or the operator cannot be called [C:\Users\Aditya\Downloads\election-2019_update\election-2019_update\node_modules\uws\build\uws.vcxproj]
C:\Users\Aditya\AppData\Local\node-gyp\Cache\20.6.1\include\node\v8-template.h(53,8): message : see declaration of 'v8::Template::Set' [C:\Users\Aditya\Downloads\election-2019_update\election-2019_update\node_modules\uws\build\uws.vcxproj]
C:\Users\Aditya\Downloads\election-2019_update\election-2019_update\node_modules\uws\src\http.h(347,1): error C2664: 'void v8::Template::Set(v8::Local<v8::Name>,v8::Local<v8::Data>,v8::PropertyAttribute)': cannot convert argument 1 from 'v8::MaybeLocal<v8::String>' to 'v8::Local<v8::Name>' [C:\Users\Aditya\Downloads\election-2019_update\election-2019_update\node_modules\uws\build\uws.vcxproj]
C:\Users\Aditya\Downloads\election-2019_update\election-2019_update\node_modules\uws\src\http.h(347,65): message : No user-defined-conversion operator available that can perform this conversion, or the operator cannot be called [C:\Users\Aditya\Downloads\election-2019_update\election-2019_update\node_modules\uws\build\uws.vcxproj]
C:\Users\Aditya\AppData\Local\node-gyp\Cache\20.6.1\include\node\v8-template.h(53,8): message : see declaration of 'v8::Template::Set' [C:\Users\Aditya\Downloads\election-2019_update\election-2019_update\node_modules\uws\build\uws.vcxproj]
C:\Users\Aditya\Downloads\election-2019_update\election-2019_update\node_modules\uws\src\http.h(348,1): error C2664: 'void v8::Template::Set(v8::Local<v8::Name>,v8::Local<v8::Data>,v8::PropertyAttribute)': cannot convert argument 1 from 'v8::MaybeLocal<v8::String>' to 'v8::Local<v8::Name>' [C:\Users\Aditya\Downloads\election-2019_update\election-2019_update\node_modules\uws\build\uws.vcxproj]
C:\Users\Aditya\Downloads\election-2019_update\election-2019_update\node_modules\uws\src\http.h(348,65): message : No user-defined-conversion operator available that can perform this conversion, or the operator cannot be called [C:\Users\Aditya\Downloads\election-2019_update\election-2019_update\node_modules\uws\build\uws.vcxproj]
C:\Users\Aditya\AppData\Local\node-gyp\Cache\20.6.1\include\node\v8-template.h(53,8): message : see declaration of 'v8::Template::Set' [C:\Users\Aditya\Downloads\election-2019_update\election-2019_update\node_modules\uws\build\uws.vcxproj]
C:\Users\Aditya\Downloads\election-2019_update\election-2019_update\node_modules\uws\src\http.h(353,1): error C2660: 'v8::FunctionTemplate::GetFunction': function does not take 0 arguments [C:\Users\Aditya\Downloads\election-2019_update\election-2019_update\node_modules\uws\build\uws.vcxproj]
C:\Users\Aditya\AppData\Local\node-gyp\Cache\20.6.1\include\node\v8-template.h(497,46): message : see declaration of 'v8::FunctionTemplate::GetFunction' [C:\Users\Aditya\Downloads\election-2019_update\election-2019_update\node_modules\uws\build\uws.vcxproj]
C:\Users\Aditya\Downloads\election-2019_update\election-2019_update\node_modules\uws\src\addon.cpp(8,96): error C2661: 'v8::Object::Set': no overloaded function takes 2 arguments [C:\Users\Aditya\Downloads\election-2019_update\election-2019_update\node_modules\uws\build\uws.vcxproj]
C:\Users\Aditya\Downloads\election-2019_update\election-2019_update\node_modules\uws\src\addon.cpp(9,96): error C2661: 'v8::Object::Set': no overloaded function takes 2 arguments [C:\Users\Aditya\Downloads\election-2019_update\election-2019_update\node_modules\uws\build\uws.vcxproj]
C:\Users\Aditya\Downloads\election-2019_update\election-2019_update\node_modules\uws\src\addon.cpp(10,96): error C2661: 'v8::Object::Set': no overloaded function takes 2 arguments [C:\Users\Aditya\Downloads\election-2019_update\election-2019_update\node_modules\uws\build\uws.vcxproj]
gyp ERR! build error 
gyp ERR! stack Error: `C:\Program Files (x86)\Microsoft Visual Studio\2019\BuildTools\MSBuild\Current\Bin\MSBuild.exe` failed with exit code: 1
gyp ERR! stack     at ChildProcess.onExit (C:\Users\Aditya\AppData\Roaming\npm\node_modules\npm\node_modules\node-gyp\lib\build.js:203:23)
gyp ERR! stack     at ChildProcess.emit (node:events:514:28)
gyp ERR! stack     at ChildProcess._handle.onexit (node:internal/child_process:294:12)
gyp ERR! System Windows_NT 10.0.22635
gyp ERR! command "C:\\Program Files\\nodejs\\node.exe" "C:\\Users\\Aditya\\AppData\\Roaming\\npm\\node_modules\\npm\\node_modules\\node-gyp\\bin\\node-gyp.js" "rebuild"
gyp ERR! cwd C:\Users\Aditya\Downloads\election-2019_update\election-2019_update\node_modules\uws
gyp ERR! node -v v20.6.1
gyp ERR! node-gyp -v v9.4.0
gyp ERR! not ok 
